<?xml version="1.0" encoding="UTF-8"?>
<!-- Generated by org.testng.reporters.JUnitReportReporter -->
<testsuite skipped="0" hostname="Lankipalli" name="com.crm.qa.testcases.LoginPageTest" tests="2" failures="0" timestamp="13 May 2018 20:38:12 GMT" time="17.320" errors="0">
  <testcase name="LoginPageTitleTest" time="6.290" classname="com.crm.qa.testcases.LoginPageTest"/>
  <testcase name="loginTest" time="11.030" classname="com.crm.qa.testcases.LoginPageTest"/>
</testsuite> <!-- com.crm.qa.testcases.LoginPageTest -->
